MAN-180563Philippine Grivori  ACOREPLACE011511Electrical fault detected
ONT-643917Verine Denkin       ACOREPLACE083283Electrical fault detected
MAN-040391Hersch Brazier      WASREPLACE431115Inconsistent heating
ALB-371661Jon Carnoghan       FRGREPLACE349089Unusual vibration observed
MAN-199710Dallas de Glanville STVREPLACE405440Broken display panel
ONT-394905Jenifer Ashcroft    STVREPLACE183060Frequent power trips
ONT-616095Thacher Savile      ACOREPLACE194819Broken display panel
ALB-451061Winnah Heggs        STVREPLACE239863Compressor making noise
ONT-609144Verine Busse        ACOREPLACE119816Unresponsive control panel
ALB-629843Leilah Clementson   OTHREPLACE331185Unit not cooling properly
QUE-596256Keith Iannetti      FRGREPLACE317388Unit not cooling properly
ONT-350000Waylin Baudoux      FRGREPLACE153828Electrical fault detected
MAN-290062Opalina Grivori     OTHREPLACE136054Inconsistent heating
MAN-482149Jenifer Busse       WASREPLACE436022Inconsistent heating
ONT-710420Mable Cosbee        FRGREPLACE279328Water leakage found
ONT-374332Winnah Mollon       ACOREPLACE474454Electrical fault detected
QUE-684665Jon Jeyes           STVREPLACE434985Frequent power trips
QUE-607325Philippine AntonopouSTVREPLACE180383Inconsistent heating
ALB-163032Mae Killby          FRGREPLACE009890Unresponsive control panel
MAN-290015Mae Carnoghan       ACOREPLACE302752Control board failure
ONT-548344Waylin Denkin       FRGREPLACE213890Unresponsive control panel
ALB-877816Jon Pepi            ACOREPLACE402060Control board failure
QUE-544232Wylie Pavis         ACOREPLACE490223Frequent power trips
ONT-364362Keith Doniso        ACOREPLACE259752Unusual vibration observed
ALB-362568Denyse Heggs        OTHREPLACE380062Inconsistent heating
ALB-486981Fletcher Pierce     OTHREPLACE034940Water leakage found
ALB-027662Ash Mollon          ACOREPLACE075655Unusual vibration observed
ALB-640352Trista Mollon       WASREPLACE239011Inconsistent heating
ALB-688246Marven Eagleton     WASREPLACE000001Broken display panel
QUE-506757Henry Heggs         OTHREPLACE486858Unresponsive control panel
QUE-613736Winnah Savile       ACOREPLACE360130Unresponsive control panel
ONT-695723Eadmund Pittford    OTHREPLACE084541Compressor making noise
QUE-474174Wylie Kennaird      STVREPLACE211262Broken display panel
MAN-872900Verine Pierce       OTHREPLACE086426Unresponsive control panel
QUE-503452Mable Leneham       STVREPLACE278422Broken display panel
ALB-202745Malachi de GlanvilleWASREPLACE457782Unusual vibration observed
ALB-260065Thaddeus Brumble    ACOREPLACE445655Unit not cooling properly
MAN-242298Rowney Jeyes        WASREPLACE388845Inconsistent heating
ONT-495213Denyse Leneham      STVREPLACE327109Frequent power trips
ALB-410316Leilah de Glanville WASREPLACE244840Unusual vibration observed
MAN-360645Goldi Pierce        ACOREPLACE062011Electrical fault detected
MAN-122897Rowney Mockler      ACOREPLACE274391Unit not cooling properly
ONT-732561Noni Brazier        FRGREPLACE443972Frequent power trips
QUE-606977Thacher Yes         ACOREPLACE202541Inconsistent heating
QUE-438428Malachi Denkin      FRGREPLACE062428Frequent power trips
ONT-742665Henry Sabey         FRGREPLACE355600Water leakage found
QUE-576801Hersch Antonopoulos ACOREPLACE177391Compressor making noise
ONT-665418Goldi Leneham       STVREPLACE163995Inconsistent heating
ONT-750000Ryan Clementson     FRGREPLACE031493Electrical fault detected
ONT-748377Jenifer Doniso      ACOREPLACE070246Electrical fault detected
ALB-899999Trista Kennaird     WASREPLACE315735Inconsistent heating
MAN-158531Layne Busse         WASREPLACE220032Water leakage found
QUE-691134Fletcher Baudoux    FRGREPLACE209513Broken display panel
ALB-061666Thacher Sabey       STVREPLACE195483Unusual vibration observed
MAN-081906Lorilee Sabey       OTHREPLACE497813Water leakage found
QUE-359900Jenifer Mollon      ACOREPLACE247422Control board failure
ONT-719552Leilah Brumble      FRGREPLACE286867Broken display panel
MAN-413844Keith Mockler       OTHREPLACE014870Broken display panel
ALB-154695Philippine Pavis    ACOREPLACE309830Electrical fault detected
